# JRE version: Java(TM) SE Runtime Environment (8.0_92-b14) (build 1.8.0_92-b14)
# Java VM: Java HotSpot(TM) Client VM (25.92-b14 mixed mode windows-x86 )
Heap:
 def new generation   total 39424K, used 7968K [0x05000000, 0x07ac0000, 0x0faa0000)
  eden space 35072K,  11% used [0x05000000, 0x053f41d8, 0x07240000)
  from space 4352K,  90% used [0x07240000, 0x07613fe8, 0x07680000)
  to   space 4352K,   0% used [0x07680000, 0x07680000, 0x07ac0000)
 tenured generation   total 87424K, used 27004K [0x0faa0000, 0x15000000, 0x25000000)
   the space 87424K,  30% used [0x0faa0000, 0x114ff3f8, 0x114ff400, 0x15000000)
 Metaspace       used 18101K, capacity 18546K, committed 18560K, reserved 18816K
GC Heap History (10 events):
Event: 6.981 GC heap before
{Heap before GC invocations=0 (full 0):
 def new generation   total 39296K, used 34944K [0x05000000, 0x07aa0000, 0x0faa0000)
  eden space 34944K, 100% used [0x05000000, 0x07220000, 0x07220000)
  from space 4352K,   0% used [0x07220000, 0x07220000, 0x07660000)
  to   space 4352K,   0% used [0x07660000, 0x07660000, 0x07aa0000)
 tenured generation   total 87424K, used 0K [0x0faa0000, 0x15000000, 0x25000000)
   the space 87424K,   0% used [0x0faa0000, 0x0faa0000, 0x0faa0200, 0x15000000)
 Metaspace       used 9718K, capacity 9929K, committed 9984K, reserved 10624K
Event: 7.005 GC heap after
Heap after GC invocations=1 (full 0):
 def new generation   total 39296K, used 4352K [0x05000000, 0x07aa0000, 0x0faa0000)
  eden space 34944K,   0% used [0x05000000, 0x05000000, 0x07220000)
  from space 4352K, 100% used [0x07660000, 0x07aa0000, 0x07aa0000)
  to   space 4352K,   0% used [0x07220000, 0x07220000, 0x07660000)
 tenured generation   total 87424K, used 2637K [0x0faa0000, 0x15000000, 0x25000000)
   the space 87424K,   3% used [0x0faa0000, 0x0fd334f0, 0x0fd33600, 0x15000000)
 Metaspace       used 9718K, capacity 9929K, committed 9984K, reserved 10624K
}
Event: 8.331 GC heap before
{Heap before GC invocations=1 (full 0):
 def new generation   total 39296K, used 39296K [0x05000000, 0x07aa0000, 0x0faa0000)
  eden space 34944K, 100% used [0x05000000, 0x07220000, 0x07220000)
  from space 4352K, 100% used [0x07660000, 0x07aa0000, 0x07aa0000)
  to   space 4352K,   0% used [0x07220000, 0x07220000, 0x07660000)
 tenured generation   total 87424K, used 2637K [0x0faa0000, 0x15000000, 0x25000000)
   the space 87424K,   3% used [0x0faa0000, 0x0fd334f0, 0x0fd33600, 0x15000000)
 Metaspace       used 10984K, capacity 11311K, committed 11392K, reserved 11648K
Event: 8.380 GC heap after
Heap after GC invocations=2 (full 0):
 def new generation   total 39296K, used 4352K [0x05000000, 0x07aa0000, 0x0faa0000)
  eden space 34944K,   0% used [0x05000000, 0x05000000, 0x07220000)
  from space 4352K, 100% used [0x07220000, 0x07660000, 0x07660000)
  to   space 4352K,   0% used [0x07660000, 0x07660000, 0x07aa0000)
 tenured generation   total 87424K, used 8975K [0x0faa0000, 0x15000000, 0x25000000)
   the space 87424K,  10% used [0x0faa0000, 0x10363d48, 0x10363e00, 0x15000000)
 Metaspace       used 10984K, capacity 11311K, committed 11392K, reserved 11648K
}
Event: 11.595 GC heap before
{Heap before GC invocations=2 (full 0):
 def new generation   total 39296K, used 31119K [0x05000000, 0x07aa0000, 0x0faa0000)
  eden space 34944K,  76% used [0x05000000, 0x06a23da8, 0x07220000)
  from space 4352K, 100% used [0x07220000, 0x07660000, 0x07660000)
  to   space 4352K,   0% used [0x07660000, 0x07660000, 0x07aa0000)
 tenured generation   total 87424K, used 8975K [0x0faa0000, 0x15000000, 0x25000000)
   the space 87424K,  10% used [0x0faa0000, 0x10363d48, 0x10363e00, 0x15000000)
 Metaspace       used 11934K, capacity 12284K, committed 12288K, reserved 12672K
Event: 11.678 GC heap after
Heap after GC invocations=3 (full 1):
 def new generation   total 39424K, used 0K [0x05000000, 0x07ac0000, 0x0faa0000)
  eden space 35072K,   0% used [0x05000000, 0x05000000, 0x07240000)
  from space 4352K,   0% used [0x07240000, 0x07240000, 0x07680000)
  to   space 4352K,   0% used [0x07680000, 0x07680000, 0x07ac0000)
 tenured generation   total 87424K, used 16282K [0x0faa0000, 0x15000000, 0x25000000)
   the space 87424K,  18% used [0x0faa0000, 0x10a86988, 0x10a86a00, 0x15000000)
 Metaspace       used 11934K, capacity 12284K, committed 12288K, reserved 12672K
}
Event: 13.407 GC heap before
{Heap before GC invocations=3 (full 1):
 def new generation   total 39424K, used 28115K [0x05000000, 0x07ac0000, 0x0faa0000)
  eden space 35072K,  80% used [0x05000000, 0x06b74f88, 0x07240000)
  from space 4352K,   0% used [0x07240000, 0x07240000, 0x07680000)
  to   space 4352K,   0% used [0x07680000, 0x07680000, 0x07ac0000)
 tenured generation   total 87424K, used 16282K [0x0faa0000, 0x15000000, 0x25000000)
   the space 87424K,  18% used [0x0faa0000, 0x10a86988, 0x10a86a00, 0x15000000)
 Metaspace       used 17110K, capacity 17519K, committed 17536K, reserved 17792K
Event: 13.438 GC heap after
Heap after GC invocations=4 (full 1):
 def new generation   total 39424K, used 4352K [0x05000000, 0x07ac0000, 0x0faa0000)
  eden space 35072K,   0% used [0x05000000, 0x05000000, 0x07240000)
  from space 4352K, 100% used [0x07680000, 0x07ac0000, 0x07ac0000)
  to   space 4352K,   0% used [0x07240000, 0x07240000, 0x07680000)
 tenured generation   total 87424K, used 17472K [0x0faa0000, 0x15000000, 0x25000000)
   the space 87424K,  19% used [0x0faa0000, 0x10bb0268, 0x10bb0400, 0x15000000)
 Metaspace       used 17110K, capacity 17519K, committed 17536K, reserved 17792K
}
Event: 118.229 GC heap before
{Heap before GC invocations=4 (full 1):
 def new generation   total 39424K, used 39424K [0x05000000, 0x07ac0000, 0x0faa0000)
  eden space 35072K, 100% used [0x05000000, 0x07240000, 0x07240000)
  from space 4352K, 100% used [0x07680000, 0x07ac0000, 0x07ac0000)
  to   space 4352K,   0% used [0x07240000, 0x07240000, 0x07680000)
 tenured generation   total 87424K, used 17472K [0x0faa0000, 0x15000000, 0x25000000)
   the space 87424K,  19% used [0x0faa0000, 0x10bb0268, 0x10bb0400, 0x15000000)
 Metaspace       used 18090K, capacity 18546K, committed 18560K, reserved 18816K
Event: 118.269 GC heap after
Heap after GC invocations=5 (full 1):
 def new generation   total 39424K, used 3919K [0x05000000, 0x07ac0000, 0x0faa0000)
  eden space 35072K,   0% used [0x05000000, 0x05000000, 0x07240000)
  from space 4352K,  90% used [0x07240000, 0x07613fe8, 0x07680000)
  to   space 4352K,   0% used [0x07680000, 0x07680000, 0x07ac0000)
 tenured generation   total 87424K, used 27004K [0x0faa0000, 0x15000000, 0x25000000)
   the space 87424K,  30% used [0x0faa0000, 0x114ff3f8, 0x114ff400, 0x15000000)
 Metaspace       used 18090K, capacity 18546K, committed 18560K, reserved 18816K
}

