# JRE version: Java(TM) SE Runtime Environment (8.0_92-b14) (build 1.8.0_92-b14)
# Java VM: Java HotSpot(TM) Client VM (25.92-b14 mixed mode windows-x86 )
Heap:
 def new generation   total 39424K, used 12596K [0x04c00000, 0x076c0000, 0x0f6a0000)
  eden space 35072K,  31% used [0x04c00000, 0x056e3c00, 0x06e40000)
  from space 4352K,  33% used [0x06e40000, 0x06fa9490, 0x07280000)
  to   space 4352K,   0% used [0x07280000, 0x07280000, 0x076c0000)
 tenured generation   total 87424K, used 27709K [0x0f6a0000, 0x14c00000, 0x24c00000)
   the space 87424K,  31% used [0x0f6a0000, 0x111af4c0, 0x111af600, 0x14c00000)
 Metaspace       used 18171K, capacity 18562K, committed 18688K, reserved 18816K
GC Heap History (10 events):
Event: 7.744 GC heap before
{Heap before GC invocations=2 (full 0):
 def new generation   total 39296K, used 27988K [0x04c00000, 0x076a0000, 0x0f6a0000)
  eden space 34944K,  68% used [0x04c00000, 0x06365190, 0x06e20000)
  from space 4352K,  92% used [0x06e20000, 0x0720fe98, 0x07260000)
  to   space 4352K,   0% used [0x07260000, 0x07260000, 0x076a0000)
 tenured generation   total 87424K, used 5423K [0x0f6a0000, 0x14c00000, 0x24c00000)
   the space 87424K,   6% used [0x0f6a0000, 0x0fbebdf0, 0x0fbebe00, 0x14c00000)
 Metaspace       used 11960K, capacity 12251K, committed 12288K, reserved 12672K
Event: 7.812 GC heap after
Heap after GC invocations=3 (full 1):
 def new generation   total 39424K, used 0K [0x04c00000, 0x076c0000, 0x0f6a0000)
  eden space 35072K,   0% used [0x04c00000, 0x04c00000, 0x06e40000)
  from space 4352K,   0% used [0x06e40000, 0x06e40000, 0x07280000)
  to   space 4352K,   0% used [0x07280000, 0x07280000, 0x076c0000)
 tenured generation   total 87424K, used 10494K [0x0f6a0000, 0x14c00000, 0x24c00000)
   the space 87424K,  12% used [0x0f6a0000, 0x100dfbc0, 0x100dfc00, 0x14c00000)
 Metaspace       used 11960K, capacity 12251K, committed 12288K, reserved 12672K
}
Event: 10.820 GC heap before
{Heap before GC invocations=3 (full 1):
 def new generation   total 39424K, used 34509K [0x04c00000, 0x076c0000, 0x0f6a0000)
  eden space 35072K,  98% used [0x04c00000, 0x06db3438, 0x06e40000)
  from space 4352K,   0% used [0x06e40000, 0x06e40000, 0x07280000)
  to   space 4352K,   0% used [0x07280000, 0x07280000, 0x076c0000)
 tenured generation   total 87424K, used 10494K [0x0f6a0000, 0x14c00000, 0x24c00000)
   the space 87424K,  12% used [0x0f6a0000, 0x100dfbc0, 0x100dfc00, 0x14c00000)
 Metaspace       used 17134K, capacity 17513K, committed 17536K, reserved 17792K
Event: 10.854 GC heap after
Heap after GC invocations=4 (full 1):
 def new generation   total 39424K, used 4352K [0x04c00000, 0x076c0000, 0x0f6a0000)
  eden space 35072K,   0% used [0x04c00000, 0x04c00000, 0x06e40000)
  from space 4352K, 100% used [0x07280000, 0x076c0000, 0x076c0000)
  to   space 4352K,   0% used [0x06e40000, 0x06e40000, 0x07280000)
 tenured generation   total 87424K, used 12543K [0x0f6a0000, 0x14c00000, 0x24c00000)
   the space 87424K,  14% used [0x0f6a0000, 0x102dff58, 0x102e0000, 0x14c00000)
 Metaspace       used 17134K, capacity 17513K, committed 17536K, reserved 17792K
}
Event: 71.457 GC heap before
{Heap before GC invocations=4 (full 1):
 def new generation   total 39424K, used 39424K [0x04c00000, 0x076c0000, 0x0f6a0000)
  eden space 35072K, 100% used [0x04c00000, 0x06e40000, 0x06e40000)
  from space 4352K, 100% used [0x07280000, 0x076c0000, 0x076c0000)
  to   space 4352K,   0% used [0x06e40000, 0x06e40000, 0x07280000)
 tenured generation   total 87424K, used 12543K [0x0f6a0000, 0x14c00000, 0x24c00000)
   the space 87424K,  14% used [0x0f6a0000, 0x102dff58, 0x102e0000, 0x14c00000)
 Metaspace       used 17711K, capacity 18109K, committed 18176K, reserved 18816K
Event: 71.495 GC heap after
Heap after GC invocations=5 (full 1):
 def new generation   total 39424K, used 4352K [0x04c00000, 0x076c0000, 0x0f6a0000)
  eden space 35072K,   0% used [0x04c00000, 0x04c00000, 0x06e40000)
  from space 4352K, 100% used [0x06e40000, 0x07280000, 0x07280000)
  to   space 4352K,   0% used [0x07280000, 0x07280000, 0x076c0000)
 tenured generation   total 87424K, used 24103K [0x0f6a0000, 0x14c00000, 0x24c00000)
   the space 87424K,  27% used [0x0f6a0000, 0x10e29ca0, 0x10e29e00, 0x14c00000)
 Metaspace       used 17711K, capacity 18109K, committed 18176K, reserved 18816K
}
Event: 1815.225 GC heap before
{Heap before GC invocations=5 (full 1):
 def new generation   total 39424K, used 39424K [0x04c00000, 0x076c0000, 0x0f6a0000)
  eden space 35072K, 100% used [0x04c00000, 0x06e40000, 0x06e40000)
  from space 4352K, 100% used [0x06e40000, 0x07280000, 0x07280000)
  to   space 4352K,   0% used [0x07280000, 0x07280000, 0x076c0000)
 tenured generation   total 87424K, used 24103K [0x0f6a0000, 0x14c00000, 0x24c00000)
   the space 87424K,  27% used [0x0f6a0000, 0x10e29ca0, 0x10e29e00, 0x14c00000)
 Metaspace       used 18169K, capacity 18530K, committed 18560K, reserved 18816K
Event: 1815.249 GC heap after
Heap after GC invocations=6 (full 1):
 def new generation   total 39424K, used 1577K [0x04c00000, 0x076c0000, 0x0f6a0000)
  eden space 35072K,   0% used [0x04c00000, 0x04c00000, 0x06e40000)
  from space 4352K,  36% used [0x07280000, 0x0740a6a8, 0x076c0000)
  to   space 4352K,   0% used [0x06e40000, 0x06e40000, 0x07280000)
 tenured generation   total 87424K, used 27709K [0x0f6a0000, 0x14c00000, 0x24c00000)
   the space 87424K,  31% used [0x0f6a0000, 0x111af4c0, 0x111af600, 0x14c00000)
 Metaspace       used 18169K, capacity 18530K, committed 18560K, reserved 18816K
}
Event: 5215.318 GC heap before
{Heap before GC invocations=6 (full 1):
 def new generation   total 39424K, used 36649K [0x04c00000, 0x076c0000, 0x0f6a0000)
  eden space 35072K, 100% used [0x04c00000, 0x06e40000, 0x06e40000)
  from space 4352K,  36% used [0x07280000, 0x0740a6a8, 0x076c0000)
  to   space 4352K,   0% used [0x06e40000, 0x06e40000, 0x07280000)
 tenured generation   total 87424K, used 27709K [0x0f6a0000, 0x14c00000, 0x24c00000)
   the space 87424K,  31% used [0x0f6a0000, 0x111af4c0, 0x111af600, 0x14c00000)
 Metaspace       used 18169K, capacity 18530K, committed 18560K, reserved 18816K
Event: 5215.444 GC heap after
Heap after GC invocations=7 (full 1):
 def new generation   total 39424K, used 1445K [0x04c00000, 0x076c0000, 0x0f6a0000)
  eden space 35072K,   0% used [0x04c00000, 0x04c00000, 0x06e40000)
  from space 4352K,  33% used [0x06e40000, 0x06fa9490, 0x07280000)
  to   space 4352K,   0% used [0x07280000, 0x07280000, 0x076c0000)
 tenured generation   total 87424K, used 27709K [0x0f6a0000, 0x14c00000, 0x24c00000)
   the space 87424K,  31% used [0x0f6a0000, 0x111af4c0, 0x111af600, 0x14c00000)
 Metaspace       used 18169K, capacity 18530K, committed 18560K, reserved 18816K
}

