# JRE version: Java(TM) SE Runtime Environment (8.0_92-b14) (build 1.8.0_92-b14)
# Java VM: Java HotSpot(TM) Client VM (25.92-b14 mixed mode windows-x86 )
Heap:
 def new generation   total 39424K, used 1871K [0x04800000, 0x072c0000, 0x0f2a0000)
  eden space 35072K,   2% used [0x04800000, 0x048ea800, 0x06a40000)
  from space 4352K,  21% used [0x06e80000, 0x06f696f8, 0x072c0000)
  to   space 4352K,   0% used [0x06a40000, 0x06a40000, 0x06e80000)
 tenured generation   total 87424K, used 30009K [0x0f2a0000, 0x14800000, 0x24800000)
   the space 87424K,  34% used [0x0f2a0000, 0x10fee400, 0x10fee400, 0x14800000)
 Metaspace       used 18306K, capacity 18743K, committed 18816K, reserved 18816K
GC Heap History (10 events):
Event: 4.291 GC heap before
{Heap before GC invocations=1 (full 0):
 def new generation   total 39296K, used 39296K [0x04800000, 0x072a0000, 0x0f2a0000)
  eden space 34944K, 100% used [0x04800000, 0x06a20000, 0x06a20000)
  from space 4352K, 100% used [0x06e60000, 0x072a0000, 0x072a0000)
  to   space 4352K,   0% used [0x06a20000, 0x06a20000, 0x06e60000)
 tenured generation   total 87424K, used 2451K [0x0f2a0000, 0x14800000, 0x24800000)
   the space 87424K,   2% used [0x0f2a0000, 0x0f504d60, 0x0f504e00, 0x14800000)
 Metaspace       used 11181K, capacity 11491K, committed 11520K, reserved 11648K
Event: 4.343 GC heap after
Heap after GC invocations=2 (full 0):
 def new generation   total 39296K, used 4352K [0x04800000, 0x072a0000, 0x0f2a0000)
  eden space 34944K,   0% used [0x04800000, 0x04800000, 0x06a20000)
  from space 4352K, 100% used [0x06a20000, 0x06e60000, 0x06e60000)
  to   space 4352K,   0% used [0x06e60000, 0x06e60000, 0x072a0000)
 tenured generation   total 87424K, used 8606K [0x0f2a0000, 0x14800000, 0x24800000)
   the space 87424K,   9% used [0x0f2a0000, 0x0fb07bf8, 0x0fb07c00, 0x14800000)
 Metaspace       used 11181K, capacity 11491K, committed 11520K, reserved 11648K
}
Event: 5.578 GC heap before
{Heap before GC invocations=2 (full 0):
 def new generation   total 39296K, used 24313K [0x04800000, 0x072a0000, 0x0f2a0000)
  eden space 34944K,  57% used [0x04800000, 0x05b7e508, 0x06a20000)
  from space 4352K, 100% used [0x06a20000, 0x06e60000, 0x06e60000)
  to   space 4352K,   0% used [0x06e60000, 0x06e60000, 0x072a0000)
 tenured generation   total 87424K, used 8606K [0x0f2a0000, 0x14800000, 0x24800000)
   the space 87424K,   9% used [0x0f2a0000, 0x0fb07bf8, 0x0fb07c00, 0x14800000)
 Metaspace       used 11938K, capacity 12259K, committed 12288K, reserved 12672K
Event: 5.655 GC heap after
Heap after GC invocations=3 (full 1):
 def new generation   total 39424K, used 0K [0x04800000, 0x072c0000, 0x0f2a0000)
  eden space 35072K,   0% used [0x04800000, 0x04800000, 0x06a40000)
  from space 4352K,   0% used [0x06a40000, 0x06a40000, 0x06e80000)
  to   space 4352K,   0% used [0x06e80000, 0x06e80000, 0x072c0000)
 tenured generation   total 87424K, used 14323K [0x0f2a0000, 0x14800000, 0x24800000)
   the space 87424K,  16% used [0x0f2a0000, 0x1009cee8, 0x1009d000, 0x14800000)
 Metaspace       used 11938K, capacity 12259K, committed 12288K, reserved 12672K
}
Event: 10.022 GC heap before
{Heap before GC invocations=3 (full 1):
 def new generation   total 39424K, used 35072K [0x04800000, 0x072c0000, 0x0f2a0000)
  eden space 35072K, 100% used [0x04800000, 0x06a40000, 0x06a40000)
  from space 4352K,   0% used [0x06a40000, 0x06a40000, 0x06e80000)
  to   space 4352K,   0% used [0x06e80000, 0x06e80000, 0x072c0000)
 tenured generation   total 87424K, used 14323K [0x0f2a0000, 0x14800000, 0x24800000)
   the space 87424K,  16% used [0x0f2a0000, 0x1009cee8, 0x1009d000, 0x14800000)
 Metaspace       used 15392K, capacity 15776K, committed 15872K, reserved 16768K
Event: 10.047 GC heap after
Heap after GC invocations=4 (full 1):
 def new generation   total 39424K, used 4352K [0x04800000, 0x072c0000, 0x0f2a0000)
  eden space 35072K,   0% used [0x04800000, 0x04800000, 0x06a40000)
  from space 4352K, 100% used [0x06e80000, 0x072c0000, 0x072c0000)
  to   space 4352K,   0% used [0x06a40000, 0x06a40000, 0x06e80000)
 tenured generation   total 87424K, used 15616K [0x0f2a0000, 0x14800000, 0x24800000)
   the space 87424K,  17% used [0x0f2a0000, 0x101e02c8, 0x101e0400, 0x14800000)
 Metaspace       used 15392K, capacity 15776K, committed 15872K, reserved 16768K
}
Event: 72.136 GC heap before
{Heap before GC invocations=4 (full 1):
 def new generation   total 39424K, used 39424K [0x04800000, 0x072c0000, 0x0f2a0000)
  eden space 35072K, 100% used [0x04800000, 0x06a40000, 0x06a40000)
  from space 4352K, 100% used [0x06e80000, 0x072c0000, 0x072c0000)
  to   space 4352K,   0% used [0x06a40000, 0x06a40000, 0x06e80000)
 tenured generation   total 87424K, used 15616K [0x0f2a0000, 0x14800000, 0x24800000)
   the space 87424K,  17% used [0x0f2a0000, 0x101e02c8, 0x101e0400, 0x14800000)
 Metaspace       used 18266K, capacity 18677K, committed 18816K, reserved 18816K
Event: 72.181 GC heap after
Heap after GC invocations=5 (full 1):
 def new generation   total 39424K, used 4352K [0x04800000, 0x072c0000, 0x0f2a0000)
  eden space 35072K,   0% used [0x04800000, 0x04800000, 0x06a40000)
  from space 4352K, 100% used [0x06a40000, 0x06e80000, 0x06e80000)
  to   space 4352K,   0% used [0x06e80000, 0x06e80000, 0x072c0000)
 tenured generation   total 87424K, used 26395K [0x0f2a0000, 0x14800000, 0x24800000)
   the space 87424K,  30% used [0x0f2a0000, 0x10c66e20, 0x10c67000, 0x14800000)
 Metaspace       used 18266K, capacity 18677K, committed 18816K, reserved 18816K
}
Event: 2787.184 GC heap before
{Heap before GC invocations=5 (full 1):
 def new generation   total 39424K, used 39424K [0x04800000, 0x072c0000, 0x0f2a0000)
  eden space 35072K, 100% used [0x04800000, 0x06a40000, 0x06a40000)
  from space 4352K, 100% used [0x06a40000, 0x06e80000, 0x06e80000)
  to   space 4352K,   0% used [0x06e80000, 0x06e80000, 0x072c0000)
 tenured generation   total 87424K, used 26395K [0x0f2a0000, 0x14800000, 0x24800000)
   the space 87424K,  30% used [0x0f2a0000, 0x10c66e20, 0x10c67000, 0x14800000)
 Metaspace       used 18305K, capacity 18743K, committed 18816K, reserved 18816K
Event: 2787.343 GC heap after
Heap after GC invocations=6 (full 1):
 def new generation   total 39424K, used 933K [0x04800000, 0x072c0000, 0x0f2a0000)
  eden space 35072K,   0% used [0x04800000, 0x04800000, 0x06a40000)
  from space 4352K,  21% used [0x06e80000, 0x06f696f8, 0x072c0000)
  to   space 4352K,   0% used [0x06a40000, 0x06a40000, 0x06e80000)
 tenured generation   total 87424K, used 30009K [0x0f2a0000, 0x14800000, 0x24800000)
   the space 87424K,  34% used [0x0f2a0000, 0x10fee400, 0x10fee400, 0x14800000)
 Metaspace       used 18305K, capacity 18743K, committed 18816K, reserved 18816K
}

