# JRE version: Java(TM) SE Runtime Environment (8.0_92-b14) (build 1.8.0_92-b14)
# Java VM: Java HotSpot(TM) Client VM (25.92-b14 mixed mode windows-x86 )
Heap:
 def new generation   total 39424K, used 11707K [0x04c00000, 0x076c0000, 0x0f6a0000)
  eden space 35072K,  31% used [0x04c00000, 0x056c4c30, 0x06e40000)
  from space 4352K,  15% used [0x07280000, 0x0732a038, 0x076c0000)
  to   space 4352K,   0% used [0x06e40000, 0x06e40000, 0x07280000)
 tenured generation   total 87424K, used 32342K [0x0f6a0000, 0x14c00000, 0x24c00000)
   the space 87424K,  36% used [0x0f6a0000, 0x11635b48, 0x11635c00, 0x14c00000)
 Metaspace       used 18394K, capacity 18839K, committed 18944K, reserved 19840K
GC Heap History (10 events):
Event: 10.076 GC heap before
{Heap before GC invocations=4 (full 1):
 def new generation   total 39424K, used 33550K [0x04c00000, 0x076c0000, 0x0f6a0000)
  eden space 35072K,  95% used [0x04c00000, 0x06cc3840, 0x06e40000)
  from space 4352K,   0% used [0x06e40000, 0x06e40000, 0x07280000)
  to   space 4352K,   0% used [0x07280000, 0x07280000, 0x076c0000)
 tenured generation   total 87424K, used 16106K [0x0f6a0000, 0x14c00000, 0x24c00000)
   the space 87424K,  18% used [0x0f6a0000, 0x1065a8d8, 0x1065aa00, 0x14c00000)
 Metaspace       used 17531K, capacity 17948K, committed 18048K, reserved 18816K
Event: 10.110 GC heap after
Heap after GC invocations=5 (full 1):
 def new generation   total 39424K, used 4352K [0x04c00000, 0x076c0000, 0x0f6a0000)
  eden space 35072K,   0% used [0x04c00000, 0x04c00000, 0x06e40000)
  from space 4352K, 100% used [0x07280000, 0x076c0000, 0x076c0000)
  to   space 4352K,   0% used [0x06e40000, 0x06e40000, 0x07280000)
 tenured generation   total 87424K, used 19480K [0x0f6a0000, 0x14c00000, 0x24c00000)
   the space 87424K,  22% used [0x0f6a0000, 0x109a63b8, 0x109a6400, 0x14c00000)
 Metaspace       used 17531K, capacity 17948K, committed 18048K, reserved 18816K
}
Event: 70.824 GC heap before
{Heap before GC invocations=5 (full 1):
 def new generation   total 39424K, used 39424K [0x04c00000, 0x076c0000, 0x0f6a0000)
  eden space 35072K, 100% used [0x04c00000, 0x06e40000, 0x06e40000)
  from space 4352K, 100% used [0x07280000, 0x076c0000, 0x076c0000)
  to   space 4352K,   0% used [0x06e40000, 0x06e40000, 0x07280000)
 tenured generation   total 87424K, used 19480K [0x0f6a0000, 0x14c00000, 0x24c00000)
   the space 87424K,  22% used [0x0f6a0000, 0x109a63b8, 0x109a6400, 0x14c00000)
 Metaspace       used 18098K, capacity 18514K, committed 18560K, reserved 18816K
Event: 70.871 GC heap after
Heap after GC invocations=6 (full 1):
 def new generation   total 39424K, used 2801K [0x04c00000, 0x076c0000, 0x0f6a0000)
  eden space 35072K,   0% used [0x04c00000, 0x04c00000, 0x06e40000)
  from space 4352K,  64% used [0x06e40000, 0x070fc7a0, 0x07280000)
  to   space 4352K,   0% used [0x07280000, 0x07280000, 0x076c0000)
 tenured generation   total 87424K, used 30496K [0x0f6a0000, 0x14c00000, 0x24c00000)
   the space 87424K,  34% used [0x0f6a0000, 0x11468338, 0x11468400, 0x14c00000)
 Metaspace       used 18098K, capacity 18514K, committed 18560K, reserved 18816K
}
Event: 675.203 GC heap before
{Heap before GC invocations=6 (full 1):
 def new generation   total 39424K, used 37873K [0x04c00000, 0x076c0000, 0x0f6a0000)
  eden space 35072K, 100% used [0x04c00000, 0x06e40000, 0x06e40000)
  from space 4352K,  64% used [0x06e40000, 0x070fc7a0, 0x07280000)
  to   space 4352K,   0% used [0x07280000, 0x07280000, 0x076c0000)
 tenured generation   total 87424K, used 30496K [0x0f6a0000, 0x14c00000, 0x24c00000)
   the space 87424K,  34% used [0x0f6a0000, 0x11468338, 0x11468400, 0x14c00000)
 Metaspace       used 18334K, capacity 18773K, committed 18816K, reserved 18816K
Event: 675.218 GC heap after
Heap after GC invocations=7 (full 1):
 def new generation   total 39424K, used 968K [0x04c00000, 0x076c0000, 0x0f6a0000)
  eden space 35072K,   0% used [0x04c00000, 0x04c00000, 0x06e40000)
  from space 4352K,  22% used [0x07280000, 0x073720f0, 0x076c0000)
  to   space 4352K,   0% used [0x06e40000, 0x06e40000, 0x07280000)
 tenured generation   total 87424K, used 32342K [0x0f6a0000, 0x14c00000, 0x24c00000)
   the space 87424K,  36% used [0x0f6a0000, 0x11635b48, 0x11635c00, 0x14c00000)
 Metaspace       used 18334K, capacity 18773K, committed 18816K, reserved 18816K
}
Event: 1725.074 GC heap before
{Heap before GC invocations=7 (full 1):
 def new generation   total 39424K, used 36040K [0x04c00000, 0x076c0000, 0x0f6a0000)
  eden space 35072K, 100% used [0x04c00000, 0x06e40000, 0x06e40000)
  from space 4352K,  22% used [0x07280000, 0x073720f0, 0x076c0000)
  to   space 4352K,   0% used [0x06e40000, 0x06e40000, 0x07280000)
 tenured generation   total 87424K, used 32342K [0x0f6a0000, 0x14c00000, 0x24c00000)
   the space 87424K,  36% used [0x0f6a0000, 0x11635b48, 0x11635c00, 0x14c00000)
 Metaspace       used 18391K, capacity 18837K, committed 18944K, reserved 19840K
Event: 1725.082 GC heap after
Heap after GC invocations=8 (full 1):
 def new generation   total 39424K, used 1749K [0x04c00000, 0x076c0000, 0x0f6a0000)
  eden space 35072K,   0% used [0x04c00000, 0x04c00000, 0x06e40000)
  from space 4352K,  40% used [0x06e40000, 0x06ff56f8, 0x07280000)
  to   space 4352K,   0% used [0x07280000, 0x07280000, 0x076c0000)
 tenured generation   total 87424K, used 32342K [0x0f6a0000, 0x14c00000, 0x24c00000)
   the space 87424K,  36% used [0x0f6a0000, 0x11635b48, 0x11635c00, 0x14c00000)
 Metaspace       used 18391K, capacity 18837K, committed 18944K, reserved 19840K
}
Event: 5058.384 GC heap before
{Heap before GC invocations=8 (full 1):
 def new generation   total 39424K, used 36821K [0x04c00000, 0x076c0000, 0x0f6a0000)
  eden space 35072K, 100% used [0x04c00000, 0x06e40000, 0x06e40000)
  from space 4352K,  40% used [0x06e40000, 0x06ff56f8, 0x07280000)
  to   space 4352K,   0% used [0x07280000, 0x07280000, 0x076c0000)
 tenured generation   total 87424K, used 32342K [0x0f6a0000, 0x14c00000, 0x24c00000)
   the space 87424K,  36% used [0x0f6a0000, 0x11635b48, 0x11635c00, 0x14c00000)
 Metaspace       used 18392K, capacity 18839K, committed 18944K, reserved 19840K
Event: 5058.498 GC heap after
Heap after GC invocations=9 (full 1):
 def new generation   total 39424K, used 680K [0x04c00000, 0x076c0000, 0x0f6a0000)
  eden space 35072K,   0% used [0x04c00000, 0x04c00000, 0x06e40000)
  from space 4352K,  15% used [0x07280000, 0x0732a038, 0x076c0000)
  to   space 4352K,   0% used [0x06e40000, 0x06e40000, 0x07280000)
 tenured generation   total 87424K, used 32342K [0x0f6a0000, 0x14c00000, 0x24c00000)
   the space 87424K,  36% used [0x0f6a0000, 0x11635b48, 0x11635c00, 0x14c00000)
 Metaspace       used 18392K, capacity 18839K, committed 18944K, reserved 19840K
}

